==============================================
[GlobalClientSessionInfo] Calling exe/dll: SelfServicePlugin (26.3.1.97), CWA version: 26.3.1.194.

Starting uct:5/19/2026 12:21:26 PM local: 5/19/2026 8:21:26 AM
==============================================
Init CDF tracing for module: CwaWindowsCommon.
CDF module (CwaWindowsCommon): 8c9696fd-8abe-4161-80b1-0f47e8d869ed
AO Cdf module (CwaWindowsCommon_AOL): e305ae8e-34c3-4aff-8ab7-a46949d1296d
AOT listener module (CwaWindowsCommon_AOTListener): 60734282-c949-49c9-870a-1649d816dc93
CDF initialized successfully for module: CwaWindowsCommon.
---------------------------------------------------------------------------
2026-05-19 08:21:26 gacs     T100    :LogInfo:          [CwaWindowsCommon] [Init] C:\jenkins\workspace\CWA_cwawindowscommon_master\GacsClientService.Net\GacsClientService.cs:175 - GacsClientService using: Legacy, initUserContext: True
2026-05-19 08:21:26 gacs     T100    :LogInfo:          [CwaWindowsCommon] [CreateSharedInstance] C:\jenkins\workspace\CWA_cwawindowscommon_master\GacsClientService.Net\GacsClientService.cs:215 - Creating GacsClientService singleton.
2026-05-19 08:21:26 gacs     T100    :LogInfo:          [CwaWindowsCommon] [CreateSharedInstance] C:\jenkins\workspace\CWA_cwawindowscommon_master\GacsClientService.Net\GacsClientService.cs:243 - Creating LegacySettingsService with sdkPath: C:\Program Files (x86)\Citrix\ICA Client\SelfServicePlugin\..\Receiver, initUserContext: True
2026-05-19 08:21:26 gacs     T100    :LogInfo:          [CwaWindowsCommon] [.ctor] C:\jenkins\workspace\CWA_cwawindowscommon_master\GacsClientService.Net\LegacySettingsService.cs:29 - Initializing CtxSettingsInterface with settings order
2026-05-19 08:21:26 gacs     T100    :LogInfo:          [CwaWindowsCommon] [.ctor] C:\jenkins\workspace\CWA_cwawindowscommon_master\GacsClientService.Net\GacsClientService.cs:402 - Legacy flow initialized.
2026-05-19 08:21:26 gacs     T100    :LogInfo:          [CwaWindowsCommon] [CreateSharedInstance] C:\jenkins\workspace\CWA_cwawindowscommon_master\GacsClientService.Net\GacsClientService.cs:273 - GacsClientService singleton created successfully.
2026-05-19 08:21:26 gacs     T100    :LogInfo:          [CwaWindowsCommon] [Init] C:\jenkins\workspace\CWA_cwawindowscommon_master\GacsClientService.Net\GacsClientService.cs:184 - GacsClientService::Init() completed.
2026-05-19 08:21:26 gacs     T100    :LogInfo:          [CwaWindowsCommon] [GetBoolSetting] C:\jenkins\workspace\CWA_cwawindowscommon_master\GacsClientService.Net\LegacySettingsService.cs:121 - Calling CtxSettings.GetBoolean with category=thirdPartyServices, key=sendDataToThirdParty
2026-05-19 08:21:26 gacs     T100    :LogInfo:          [CwaWindowsCommon] [GetBoolSetting] C:\jenkins\workspace\CWA_cwawindowscommon_master\GacsClientService.Net\LegacySettingsService.cs:123 - CtxSettings.GetBoolean returned result=12, value=False
2026-05-19 08:21:27 gacs     T100    :LogInfo:          [CwaWindowsCommon] [GetBoolSetting] C:\jenkins\workspace\CWA_cwawindowscommon_master\GacsClientService.Net\LegacySettingsService.cs:121 - Calling CtxSettings.GetBoolean with category=Dazzle, key=publishSafeContent
2026-05-19 08:21:27 gacs     T100    :LogInfo:          [CwaWindowsCommon] [GetBoolSetting] C:\jenkins\workspace\CWA_cwawindowscommon_master\GacsClientService.Net\LegacySettingsService.cs:123 - CtxSettings.GetBoolean returned result=12, value=False
2026-05-19 08:21:27 gacs     T100    :LogInfo:          [CwaWindowsCommon] [GetBoolSetting] C:\jenkins\workspace\CWA_cwawindowscommon_master\GacsClientService.Net\LegacySettingsService.cs:121 - Calling CtxSettings.GetBoolean with category=Dazzle, key=publishUnsafeContent
2026-05-19 08:21:27 gacs     T100    :LogInfo:          [CwaWindowsCommon] [GetBoolSetting] C:\jenkins\workspace\CWA_cwawindowscommon_master\GacsClientService.Net\LegacySettingsService.cs:123 - CtxSettings.GetBoolean returned result=12, value=False
2026-05-19 08:21:27 gacs     T100    :LogInfo:          [CwaWindowsCommon] [GetIntSetting] C:\jenkins\workspace\CWA_cwawindowscommon_master\GacsClientService.Net\LegacySettingsService.cs:167 - Calling CtxSettings.GetNumeric with category=Dazzle, key=wscReconnectModeUser
2026-05-19 08:21:27 gacs     T100    :LogInfo:          [CwaWindowsCommon] [GetIntSetting] C:\jenkins\workspace\CWA_cwawindowscommon_master\GacsClientService.Net\LegacySettingsService.cs:169 - CtxSettings.GetNumeric returned result=12, value=0
2026-05-19 08:21:27 gacs     T100    :LogInfo:          [CwaWindowsCommon] [GetBoolSetting] C:\jenkins\workspace\CWA_cwawindowscommon_master\GacsClientService.Net\LegacySettingsService.cs:121 - Calling CtxSettings.GetBoolean with category=Dazzle, key=wscReconnectionPromptEnabled
2026-05-19 08:21:27 gacs     T100    :LogInfo:          [CwaWindowsCommon] [GetBoolSetting] C:\jenkins\workspace\CWA_cwawindowscommon_master\GacsClientService.Net\LegacySettingsService.cs:123 - CtxSettings.GetBoolean returned result=12, value=False
2026-05-19 08:21:27 gacs     T100    :LogInfo:          [CwaWindowsCommon] [GetBoolSetting] C:\jenkins\workspace\CWA_cwawindowscommon_master\GacsClientService.Net\LegacySettingsService.cs:121 - Calling CtxSettings.GetBoolean with category=Dazzle, key=removeAppsOnLogoff
2026-05-19 08:21:27 gacs     T100    :LogInfo:          [CwaWindowsCommon] [GetBoolSetting] C:\jenkins\workspace\CWA_cwawindowscommon_master\GacsClientService.Net\LegacySettingsService.cs:123 - CtxSettings.GetBoolean returned result=12, value=False
2026-05-19 08:21:27 gacs     T100    :LogInfo:          [CwaWindowsCommon] [GetBoolSetting] C:\jenkins\workspace\CWA_cwawindowscommon_master\GacsClientService.Net\LegacySettingsService.cs:121 - Calling CtxSettings.GetBoolean with category=Dazzle, key=clearAppListOnLogoff
2026-05-19 08:21:27 gacs     T100    :LogInfo:          [CwaWindowsCommon] [GetBoolSetting] C:\jenkins\workspace\CWA_cwawindowscommon_master\GacsClientService.Net\LegacySettingsService.cs:123 - CtxSettings.GetBoolean returned result=12, value=False
2026-05-19 08:21:27 gacs     T100    :LogInfo:          [CwaWindowsCommon] [GetBoolSetting] C:\jenkins\workspace\CWA_cwawindowscommon_master\GacsClientService.Net\LegacySettingsService.cs:121 - Calling CtxSettings.GetBoolean with category=Dazzle, key=suppressRefreshOnStartup
2026-05-19 08:21:27 gacs     T100    :LogInfo:          [CwaWindowsCommon] [GetBoolSetting] C:\jenkins\workspace\CWA_cwawindowscommon_master\GacsClientService.Net\LegacySettingsService.cs:123 - CtxSettings.GetBoolean returned result=12, value=False
2026-05-19 08:21:27 gacs     T100    :LogInfo:          [CwaWindowsCommon] [GetBoolSetting] C:\jenkins\workspace\CWA_cwawindowscommon_master\GacsClientService.Net\LegacySettingsService.cs:121 - Calling CtxSettings.GetBoolean with category=Dazzle, key=removeAppsOnExit
2026-05-19 08:21:27 gacs     T100    :LogInfo:          [CwaWindowsCommon] [GetBoolSetting] C:\jenkins\workspace\CWA_cwawindowscommon_master\GacsClientService.Net\LegacySettingsService.cs:123 - CtxSettings.GetBoolean returned result=12, value=False
2026-05-19 08:21:27 gacs     T100    :LogInfo:          [CwaWindowsCommon] [GetBoolSetting] C:\jenkins\workspace\CWA_cwawindowscommon_master\GacsClientService.Net\LegacySettingsService.cs:121 - Calling CtxSettings.GetBoolean with category=Dazzle, key=clearAppListOnExit
2026-05-19 08:21:27 gacs     T100    :LogInfo:          [CwaWindowsCommon] [GetBoolSetting] C:\jenkins\workspace\CWA_cwawindowscommon_master\GacsClientService.Net\LegacySettingsService.cs:123 - CtxSettings.GetBoolean returned result=12, value=False
2026-05-19 08:21:27 gacs     T100    :LogInfo:          [CwaWindowsCommon] [GetBoolSetting] C:\jenkins\workspace\CWA_cwawindowscommon_master\GacsClientService.Net\LegacySettingsService.cs:121 - Calling CtxSettings.GetBoolean with category=Dazzle, key=enablePreLaunch
2026-05-19 08:21:27 gacs     T100    :LogInfo:          [CwaWindowsCommon] [GetBoolSetting] C:\jenkins\workspace\CWA_cwawindowscommon_master\GacsClientService.Net\LegacySettingsService.cs:123 - CtxSettings.GetBoolean returned result=12, value=False
2026-05-19 08:21:27 gacs     T100    :LogInfo:          [CwaWindowsCommon] [GetBoolSetting] C:\jenkins\workspace\CWA_cwawindowscommon_master\GacsClientService.Net\LegacySettingsService.cs:121 - Calling CtxSettings.GetBoolean with category=Dazzle, key=enableFTA
2026-05-19 08:21:27 gacs     T100    :LogInfo:          [CwaWindowsCommon] [GetBoolSetting] C:\jenkins\workspace\CWA_cwawindowscommon_master\GacsClientService.Net\LegacySettingsService.cs:123 - CtxSettings.GetBoolean returned result=12, value=False
2026-05-19 08:21:27 gacs     T100    :LogInfo:          [CwaWindowsCommon] [GetBoolSetting] C:\jenkins\workspace\CWA_cwawindowscommon_master\GacsClientService.Net\LegacySettingsService.cs:121 - Calling CtxSettings.GetBoolean with category=Dazzle, key=enabledDefaultFTAs
2026-05-19 08:21:27 gacs     T100    :LogInfo:          [CwaWindowsCommon] [GetBoolSetting] C:\jenkins\workspace\CWA_cwawindowscommon_master\GacsClientService.Net\LegacySettingsService.cs:123 - CtxSettings.GetBoolean returned result=12, value=False
2026-05-19 08:21:27 gacs     T100    :LogInfo:          [CwaWindowsCommon] [GetBoolSetting] C:\jenkins\workspace\CWA_cwawindowscommon_master\GacsClientService.Net\LegacySettingsService.cs:121 - Calling CtxSettings.GetBoolean with category=Dazzle, key=selfServiceMode
2026-05-19 08:21:27 gacs     T100    :LogInfo:          [CwaWindowsCommon] [GetBoolSetting] C:\jenkins\workspace\CWA_cwawindowscommon_master\GacsClientService.Net\LegacySettingsService.cs:123 - CtxSettings.GetBoolean returned result=12, value=False
2026-05-19 08:21:27 gacs     T100    :LogInfo:          [CwaWindowsCommon] [GetBoolSetting] C:\jenkins\workspace\CWA_cwawindowscommon_master\GacsClientService.Net\LegacySettingsService.cs:121 - Calling CtxSettings.GetBoolean with category=Dazzle, key=fastConnectAPISupportEnabled
2026-05-19 08:21:27 gacs     T100    :LogInfo:          [CwaWindowsCommon] [GetBoolSetting] C:\jenkins\workspace\CWA_cwawindowscommon_master\GacsClientService.Net\LegacySettingsService.cs:123 - CtxSettings.GetBoolean returned result=12, value=False
2026-05-19 08:21:27 gacs     T100    :LogInfo:          [CwaWindowsCommon] [GetBoolSetting] C:\jenkins\workspace\CWA_cwawindowscommon_master\GacsClientService.Net\LegacySettingsService.cs:121 - Calling CtxSettings.GetBoolean with category=App protection, key=enableAntiScreenCaptureForAuthAndSSP
2026-05-19 08:21:27 gacs     T100    :LogInfo:          [CwaWindowsCommon] [GetBoolSetting] C:\jenkins\workspace\CWA_cwawindowscommon_master\GacsClientService.Net\LegacySettingsService.cs:123 - CtxSettings.GetBoolean returned result=12, value=False
2026-05-19 08:21:27 gacs     T100    :LogInfo:          [CwaWindowsCommon] [GetBoolSetting] C:\jenkins\workspace\CWA_cwawindowscommon_master\GacsClientService.Net\LegacySettingsService.cs:121 - Calling CtxSettings.GetBoolean with category=App protection, key=enableAntiKeyLoggingForAuthAndSSP
2026-05-19 08:21:27 gacs     T100    :LogInfo:          [CwaWindowsCommon] [GetBoolSetting] C:\jenkins\workspace\CWA_cwawindowscommon_master\GacsClientService.Net\LegacySettingsService.cs:123 - CtxSettings.GetBoolean returned result=12, value=False
2026-05-19 08:21:27 gacs     T100    :LogInfo:          [CwaWindowsCommon] [GetBoolSetting] C:\jenkins\workspace\CWA_cwawindowscommon_master\GacsClientService.Net\LegacySettingsService.cs:121 - Calling CtxSettings.GetBoolean with category=Dazzle, key=StoreAuthenticationTokens
2026-05-19 08:21:27 gacs     T100    :LogInfo:          [CwaWindowsCommon] [GetBoolSetting] C:\jenkins\workspace\CWA_cwawindowscommon_master\GacsClientService.Net\LegacySettingsService.cs:123 - CtxSettings.GetBoolean returned result=12, value=False
2026-05-19 08:21:27 gacs     T100    :LogInfo:          [CwaWindowsCommon] [GetBoolSetting] C:\jenkins\workspace\CWA_cwawindowscommon_master\GacsClientService.Net\LegacySettingsService.cs:121 - Calling CtxSettings.GetBoolean with category=thirdPartyServices, key=sendDataToThirdParty
2026-05-19 08:21:27 gacs     T100    :LogInfo:          [CwaWindowsCommon] [GetBoolSetting] C:\jenkins\workspace\CWA_cwawindowscommon_master\GacsClientService.Net\LegacySettingsService.cs:123 - CtxSettings.GetBoolean returned result=12, value=False
2026-05-19 08:21:27 gacs     T100    :LogInfo:          [CwaWindowsCommon] [GetBoolSetting] C:\jenkins\workspace\CWA_cwawindowscommon_master\GacsClientService.Net\LegacySettingsService.cs:121 - Calling CtxSettings.GetBoolean with category=Dazzle, key=enableLocalAppDiscovery
2026-05-19 08:21:27 gacs     T100    :LogInfo:          [CwaWindowsCommon] [GetBoolSetting] C:\jenkins\workspace\CWA_cwawindowscommon_master\GacsClientService.Net\LegacySettingsService.cs:123 - CtxSettings.GetBoolean returned result=12, value=False
2026-05-19 08:21:27 gacs     T100    :LogInfo:          [CwaWindowsCommon] [GetBoolSetting] C:\jenkins\workspace\CWA_cwawindowscommon_master\GacsClientService.Net\LegacySettingsService.cs:121 - Calling CtxSettings.GetBoolean with category=Dazzle, key=enableUserManageLocalApps
2026-05-19 08:21:27 gacs     T100    :LogInfo:          [CwaWindowsCommon] [GetBoolSetting] C:\jenkins\workspace\CWA_cwawindowscommon_master\GacsClientService.Net\LegacySettingsService.cs:123 - CtxSettings.GetBoolean returned result=12, value=False
2026-05-19 08:21:27 gacs     T100    :LogInfo:          [CwaWindowsCommon] [GetBoolSetting] C:\jenkins\workspace\CWA_cwawindowscommon_master\GacsClientService.Net\LegacySettingsService.cs:121 - Calling CtxSettings.GetBoolean with category=Dazzle, key=signoutCustomWebstoreOnExit
2026-05-19 08:21:27 gacs     T100    :LogInfo:          [CwaWindowsCommon] [GetBoolSetting] C:\jenkins\workspace\CWA_cwawindowscommon_master\GacsClientService.Net\LegacySettingsService.cs:123 - CtxSettings.GetBoolean returned result=12, value=False
2026-05-19 08:21:27 gacs     T100    :LogInfo:          [CwaWindowsCommon] [GetBoolSetting] C:\jenkins\workspace\CWA_cwawindowscommon_master\GacsClientService.Net\LegacySettingsService.cs:121 - Calling CtxSettings.GetBoolean with category=Dazzle, key=maximiseWorkspaceWindow
2026-05-19 08:21:27 gacs     T100    :LogInfo:          [CwaWindowsCommon] [GetBoolSetting] C:\jenkins\workspace\CWA_cwawindowscommon_master\GacsClientService.Net\LegacySettingsService.cs:123 - CtxSettings.GetBoolean returned result=12, value=False
2026-05-19 08:21:27 gacs     T100    :LogInfo:          [CwaWindowsCommon] [GetBoolSetting] C:\jenkins\workspace\CWA_cwawindowscommon_master\GacsClientService.Net\LegacySettingsService.cs:121 - Calling CtxSettings.GetBoolean with category=Dazzle, key=refreshStartMenu
2026-05-19 08:21:27 gacs     T100    :LogInfo:          [CwaWindowsCommon] [GetBoolSetting] C:\jenkins\workspace\CWA_cwawindowscommon_master\GacsClientService.Net\LegacySettingsService.cs:123 - CtxSettings.GetBoolean returned result=12, value=False
2026-05-19 08:21:27 gacs     T100    :LogInfo:          [CwaWindowsCommon] [GetBoolSetting] C:\jenkins\workspace\CWA_cwawindowscommon_master\GacsClientService.Net\LegacySettingsService.cs:121 - Calling CtxSettings.GetBoolean with category=Dazzle, key=showDisabledShortcuts
2026-05-19 08:21:27 gacs     T100    :LogInfo:          [CwaWindowsCommon] [GetBoolSetting] C:\jenkins\workspace\CWA_cwawindowscommon_master\GacsClientService.Net\LegacySettingsService.cs:123 - CtxSettings.GetBoolean returned result=12, value=False
2026-05-19 08:21:27 gacs     T100    :LogInfo:          [CwaWindowsCommon] [GetBoolSetting] C:\jenkins\workspace\CWA_cwawindowscommon_master\GacsClientService.Net\LegacySettingsService.cs:121 - Calling CtxSettings.GetBoolean with category=Dazzle, key=enableSilentAuthForCloudStore
2026-05-19 08:21:27 gacs     T100    :LogInfo:          [CwaWindowsCommon] [GetBoolSetting] C:\jenkins\workspace\CWA_cwawindowscommon_master\GacsClientService.Net\LegacySettingsService.cs:123 - CtxSettings.GetBoolean returned result=12, value=False
2026-05-19 08:21:27 gacs     T100    :LogInfo:          [CwaWindowsCommon] [GetBoolSetting] C:\jenkins\workspace\CWA_cwawindowscommon_master\GacsClientService.Net\LegacySettingsService.cs:121 - Calling CtxSettings.GetBoolean with category=Dazzle, key=showSignInPageOnLogOff
2026-05-19 08:21:27 gacs     T100    :LogInfo:          [CwaWindowsCommon] [GetBoolSetting] C:\jenkins\workspace\CWA_cwawindowscommon_master\GacsClientService.Net\LegacySettingsService.cs:123 - CtxSettings.GetBoolean returned result=12, value=False
2026-05-19 08:21:27 gacs     T100    :LogInfo:          [CwaWindowsCommon] [GetBoolSetting] C:\jenkins\workspace\CWA_cwawindowscommon_master\GacsClientService.Net\LegacySettingsService.cs:121 - Calling CtxSettings.GetBoolean with category=AuthManager, key=allowSSOForEdgeWebview
2026-05-19 08:21:27 gacs     T100    :LogInfo:          [CwaWindowsCommon] [GetBoolSetting] C:\jenkins\workspace\CWA_cwawindowscommon_master\GacsClientService.Net\LegacySettingsService.cs:123 - CtxSettings.GetBoolean returned result=12, value=False
2026-05-19 08:21:27 gacs     T100    :LogInfo:          [CwaWindowsCommon] [GetBoolSetting] C:\jenkins\workspace\CWA_cwawindowscommon_master\GacsClientService.Net\LegacySettingsService.cs:121 - Calling CtxSettings.GetBoolean with category=ICA Client, key=Enabled
2026-05-19 08:21:27 gacs     T100    :LogInfo:          [CwaWindowsCommon] [GetBoolSetting] C:\jenkins\workspace\CWA_cwawindowscommon_master\GacsClientService.Net\LegacySettingsService.cs:123 - CtxSettings.GetBoolean returned result=12, value=False
==============================================
[GlobalClientSessionInfo] Calling exe/dll: WebHelper (26.3.1.97), CWA version: 26.3.1.194.

Starting uct:6/27/2026 7:33:33 PM local: 6/27/2026 3:33:33 PM
==============================================
Init CDF tracing for module: CwaWindowsCommon.
CDF module (CwaWindowsCommon): 8c9696fd-8abe-4161-80b1-0f47e8d869ed
AO Cdf module (CwaWindowsCommon_AOL): e305ae8e-34c3-4aff-8ab7-a46949d1296d
AOT listener module (CwaWindowsCommon_AOTListener): 60734282-c949-49c9-870a-1649d816dc93
CDF initialized successfully for module: CwaWindowsCommon.
---------------------------------------------------------------------------
2026-06-27 15:33:33 gacs     T100    :LogInfo:          [CwaWindowsCommon] [Init] C:\jenkins\workspace\CWA_cwawindowscommon_master\GacsClientService.Net\GacsClientService.cs:175 - GacsClientService using: Legacy, initUserContext: True
2026-06-27 15:33:33 gacs     T100    :LogInfo:          [CwaWindowsCommon] [CreateSharedInstance] C:\jenkins\workspace\CWA_cwawindowscommon_master\GacsClientService.Net\GacsClientService.cs:215 - Creating GacsClientService singleton.
2026-06-27 15:33:33 gacs     T100    :LogInfo:          [CwaWindowsCommon] [CreateSharedInstance] C:\jenkins\workspace\CWA_cwawindowscommon_master\GacsClientService.Net\GacsClientService.cs:243 - Creating LegacySettingsService with sdkPath: C:\Program Files (x86)\Citrix\ICA Client\..\Receiver, initUserContext: True
2026-06-27 15:33:33 gacs     T100    :LogInfo:          [CwaWindowsCommon] [.ctor] C:\jenkins\workspace\CWA_cwawindowscommon_master\GacsClientService.Net\LegacySettingsService.cs:29 - Initializing CtxSettingsInterface with settings order
2026-06-27 15:33:33 gacs     T100    :LogInfo:          [CwaWindowsCommon] [.ctor] C:\jenkins\workspace\CWA_cwawindowscommon_master\GacsClientService.Net\GacsClientService.cs:402 - Legacy flow initialized.
2026-06-27 15:33:33 gacs     T100    :LogInfo:          [CwaWindowsCommon] [CreateSharedInstance] C:\jenkins\workspace\CWA_cwawindowscommon_master\GacsClientService.Net\GacsClientService.cs:273 - GacsClientService singleton created successfully.
2026-06-27 15:33:33 gacs     T100    :LogInfo:          [CwaWindowsCommon] [Init] C:\jenkins\workspace\CWA_cwawindowscommon_master\GacsClientService.Net\GacsClientService.cs:184 - GacsClientService::Init() completed.
==============================================
[GlobalClientSessionInfo] Calling exe/dll: SelfServicePlugin (26.3.1.97), CWA version: 26.3.1.194.

Starting uct:6/27/2026 7:34:11 PM local: 6/27/2026 3:34:12 PM
==============================================
Init CDF tracing for module: CwaWindowsCommon.
CDF module (CwaWindowsCommon): 8c9696fd-8abe-4161-80b1-0f47e8d869ed
AO Cdf module (CwaWindowsCommon_AOL): e305ae8e-34c3-4aff-8ab7-a46949d1296d
AOT listener module (CwaWindowsCommon_AOTListener): 60734282-c949-49c9-870a-1649d816dc93
CDF initialized successfully for module: CwaWindowsCommon.
---------------------------------------------------------------------------
2026-06-27 15:34:12 gacs     T100    :LogInfo:          [CwaWindowsCommon] [Init] C:\jenkins\workspace\CWA_cwawindowscommon_master\GacsClientService.Net\GacsClientService.cs:175 - GacsClientService using: Legacy, initUserContext: True
2026-06-27 15:34:12 gacs     T100    :LogInfo:          [CwaWindowsCommon] [CreateSharedInstance] C:\jenkins\workspace\CWA_cwawindowscommon_master\GacsClientService.Net\GacsClientService.cs:215 - Creating GacsClientService singleton.
2026-06-27 15:34:12 gacs     T100    :LogInfo:          [CwaWindowsCommon] [CreateSharedInstance] C:\jenkins\workspace\CWA_cwawindowscommon_master\GacsClientService.Net\GacsClientService.cs:243 - Creating LegacySettingsService with sdkPath: C:\Program Files (x86)\Citrix\ICA Client\SelfServicePlugin\..\Receiver, initUserContext: True
2026-06-27 15:34:12 gacs     T100    :LogInfo:          [CwaWindowsCommon] [.ctor] C:\jenkins\workspace\CWA_cwawindowscommon_master\GacsClientService.Net\LegacySettingsService.cs:29 - Initializing CtxSettingsInterface with settings order
2026-06-27 15:34:12 gacs     T100    :LogInfo:          [CwaWindowsCommon] [.ctor] C:\jenkins\workspace\CWA_cwawindowscommon_master\GacsClientService.Net\GacsClientService.cs:402 - Legacy flow initialized.
2026-06-27 15:34:12 gacs     T100    :LogInfo:          [CwaWindowsCommon] [CreateSharedInstance] C:\jenkins\workspace\CWA_cwawindowscommon_master\GacsClientService.Net\GacsClientService.cs:273 - GacsClientService singleton created successfully.
2026-06-27 15:34:12 gacs     T100    :LogInfo:          [CwaWindowsCommon] [Init] C:\jenkins\workspace\CWA_cwawindowscommon_master\GacsClientService.Net\GacsClientService.cs:184 - GacsClientService::Init() completed.
2026-06-27 15:34:12 gacs     T100    :LogInfo:          [CwaWindowsCommon] [GetBoolSetting] C:\jenkins\workspace\CWA_cwawindowscommon_master\GacsClientService.Net\LegacySettingsService.cs:121 - Calling CtxSettings.GetBoolean with category=thirdPartyServices, key=sendDataToThirdParty
2026-06-27 15:34:12 gacs     T100    :LogInfo:          [CwaWindowsCommon] [GetBoolSetting] C:\jenkins\workspace\CWA_cwawindowscommon_master\GacsClientService.Net\LegacySettingsService.cs:123 - CtxSettings.GetBoolean returned result=12, value=False
2026-06-27 15:34:12 gacs     T100    :LogInfo:          [CwaWindowsCommon] [GetBoolSetting] C:\jenkins\workspace\CWA_cwawindowscommon_master\GacsClientService.Net\LegacySettingsService.cs:121 - Calling CtxSettings.GetBoolean with category=Dazzle, key=publishSafeContent
2026-06-27 15:34:12 gacs     T100    :LogInfo:          [CwaWindowsCommon] [GetBoolSetting] C:\jenkins\workspace\CWA_cwawindowscommon_master\GacsClientService.Net\LegacySettingsService.cs:123 - CtxSettings.GetBoolean returned result=12, value=False
2026-06-27 15:34:12 gacs     T100    :LogInfo:          [CwaWindowsCommon] [GetBoolSetting] C:\jenkins\workspace\CWA_cwawindowscommon_master\GacsClientService.Net\LegacySettingsService.cs:121 - Calling CtxSettings.GetBoolean with category=Dazzle, key=publishUnsafeContent
2026-06-27 15:34:12 gacs     T100    :LogInfo:          [CwaWindowsCommon] [GetBoolSetting] C:\jenkins\workspace\CWA_cwawindowscommon_master\GacsClientService.Net\LegacySettingsService.cs:123 - CtxSettings.GetBoolean returned result=12, value=False
2026-06-27 15:34:12 gacs     T100    :LogInfo:          [CwaWindowsCommon] [GetIntSetting] C:\jenkins\workspace\CWA_cwawindowscommon_master\GacsClientService.Net\LegacySettingsService.cs:167 - Calling CtxSettings.GetNumeric with category=Dazzle, key=wscReconnectModeUser
2026-06-27 15:34:12 gacs     T100    :LogInfo:          [CwaWindowsCommon] [GetIntSetting] C:\jenkins\workspace\CWA_cwawindowscommon_master\GacsClientService.Net\LegacySettingsService.cs:169 - CtxSettings.GetNumeric returned result=12, value=0
2026-06-27 15:34:12 gacs     T100    :LogInfo:          [CwaWindowsCommon] [GetBoolSetting] C:\jenkins\workspace\CWA_cwawindowscommon_master\GacsClientService.Net\LegacySettingsService.cs:121 - Calling CtxSettings.GetBoolean with category=Dazzle, key=wscReconnectionPromptEnabled
2026-06-27 15:34:12 gacs     T100    :LogInfo:          [CwaWindowsCommon] [GetBoolSetting] C:\jenkins\workspace\CWA_cwawindowscommon_master\GacsClientService.Net\LegacySettingsService.cs:123 - CtxSettings.GetBoolean returned result=12, value=False
2026-06-27 15:34:12 gacs     T100    :LogInfo:          [CwaWindowsCommon] [GetBoolSetting] C:\jenkins\workspace\CWA_cwawindowscommon_master\GacsClientService.Net\LegacySettingsService.cs:121 - Calling CtxSettings.GetBoolean with category=Dazzle, key=removeAppsOnLogoff
2026-06-27 15:34:12 gacs     T100    :LogInfo:          [CwaWindowsCommon] [GetBoolSetting] C:\jenkins\workspace\CWA_cwawindowscommon_master\GacsClientService.Net\LegacySettingsService.cs:123 - CtxSettings.GetBoolean returned result=12, value=False
2026-06-27 15:34:12 gacs     T100    :LogInfo:          [CwaWindowsCommon] [GetBoolSetting] C:\jenkins\workspace\CWA_cwawindowscommon_master\GacsClientService.Net\LegacySettingsService.cs:121 - Calling CtxSettings.GetBoolean with category=Dazzle, key=clearAppListOnLogoff
2026-06-27 15:34:12 gacs     T100    :LogInfo:          [CwaWindowsCommon] [GetBoolSetting] C:\jenkins\workspace\CWA_cwawindowscommon_master\GacsClientService.Net\LegacySettingsService.cs:123 - CtxSettings.GetBoolean returned result=12, value=False
2026-06-27 15:34:12 gacs     T100    :LogInfo:          [CwaWindowsCommon] [GetBoolSetting] C:\jenkins\workspace\CWA_cwawindowscommon_master\GacsClientService.Net\LegacySettingsService.cs:121 - Calling CtxSettings.GetBoolean with category=Dazzle, key=suppressRefreshOnStartup
2026-06-27 15:34:12 gacs     T100    :LogInfo:          [CwaWindowsCommon] [GetBoolSetting] C:\jenkins\workspace\CWA_cwawindowscommon_master\GacsClientService.Net\LegacySettingsService.cs:123 - CtxSettings.GetBoolean returned result=12, value=False
2026-06-27 15:34:12 gacs     T100    :LogInfo:          [CwaWindowsCommon] [GetBoolSetting] C:\jenkins\workspace\CWA_cwawindowscommon_master\GacsClientService.Net\LegacySettingsService.cs:121 - Calling CtxSettings.GetBoolean with category=Dazzle, key=removeAppsOnExit
2026-06-27 15:34:12 gacs     T100    :LogInfo:          [CwaWindowsCommon] [GetBoolSetting] C:\jenkins\workspace\CWA_cwawindowscommon_master\GacsClientService.Net\LegacySettingsService.cs:123 - CtxSettings.GetBoolean returned result=12, value=False
2026-06-27 15:34:12 gacs     T100    :LogInfo:          [CwaWindowsCommon] [GetBoolSetting] C:\jenkins\workspace\CWA_cwawindowscommon_master\GacsClientService.Net\LegacySettingsService.cs:121 - Calling CtxSettings.GetBoolean with category=Dazzle, key=clearAppListOnExit
2026-06-27 15:34:12 gacs     T100    :LogInfo:          [CwaWindowsCommon] [GetBoolSetting] C:\jenkins\workspace\CWA_cwawindowscommon_master\GacsClientService.Net\LegacySettingsService.cs:123 - CtxSettings.GetBoolean returned result=12, value=False
2026-06-27 15:34:12 gacs     T100    :LogInfo:          [CwaWindowsCommon] [GetBoolSetting] C:\jenkins\workspace\CWA_cwawindowscommon_master\GacsClientService.Net\LegacySettingsService.cs:121 - Calling CtxSettings.GetBoolean with category=Dazzle, key=enablePreLaunch
2026-06-27 15:34:12 gacs     T100    :LogInfo:          [CwaWindowsCommon] [GetBoolSetting] C:\jenkins\workspace\CWA_cwawindowscommon_master\GacsClientService.Net\LegacySettingsService.cs:123 - CtxSettings.GetBoolean returned result=12, value=False
2026-06-27 15:34:12 gacs     T100    :LogInfo:          [CwaWindowsCommon] [GetBoolSetting] C:\jenkins\workspace\CWA_cwawindowscommon_master\GacsClientService.Net\LegacySettingsService.cs:121 - Calling CtxSettings.GetBoolean with category=Dazzle, key=enableFTA
2026-06-27 15:34:12 gacs     T100    :LogInfo:          [CwaWindowsCommon] [GetBoolSetting] C:\jenkins\workspace\CWA_cwawindowscommon_master\GacsClientService.Net\LegacySettingsService.cs:123 - CtxSettings.GetBoolean returned result=12, value=False
2026-06-27 15:34:12 gacs     T100    :LogInfo:          [CwaWindowsCommon] [GetBoolSetting] C:\jenkins\workspace\CWA_cwawindowscommon_master\GacsClientService.Net\LegacySettingsService.cs:121 - Calling CtxSettings.GetBoolean with category=Dazzle, key=enabledDefaultFTAs
2026-06-27 15:34:12 gacs     T100    :LogInfo:          [CwaWindowsCommon] [GetBoolSetting] C:\jenkins\workspace\CWA_cwawindowscommon_master\GacsClientService.Net\LegacySettingsService.cs:123 - CtxSettings.GetBoolean returned result=12, value=False
2026-06-27 15:34:12 gacs     T100    :LogInfo:          [CwaWindowsCommon] [GetBoolSetting] C:\jenkins\workspace\CWA_cwawindowscommon_master\GacsClientService.Net\LegacySettingsService.cs:121 - Calling CtxSettings.GetBoolean with category=Dazzle, key=selfServiceMode
2026-06-27 15:34:12 gacs     T100    :LogInfo:          [CwaWindowsCommon] [GetBoolSetting] C:\jenkins\workspace\CWA_cwawindowscommon_master\GacsClientService.Net\LegacySettingsService.cs:123 - CtxSettings.GetBoolean returned result=12, value=False
2026-06-27 15:34:12 gacs     T100    :LogInfo:          [CwaWindowsCommon] [GetBoolSetting] C:\jenkins\workspace\CWA_cwawindowscommon_master\GacsClientService.Net\LegacySettingsService.cs:121 - Calling CtxSettings.GetBoolean with category=Dazzle, key=fastConnectAPISupportEnabled
2026-06-27 15:34:12 gacs     T100    :LogInfo:          [CwaWindowsCommon] [GetBoolSetting] C:\jenkins\workspace\CWA_cwawindowscommon_master\GacsClientService.Net\LegacySettingsService.cs:123 - CtxSettings.GetBoolean returned result=12, value=False
2026-06-27 15:34:12 gacs     T100    :LogInfo:          [CwaWindowsCommon] [GetBoolSetting] C:\jenkins\workspace\CWA_cwawindowscommon_master\GacsClientService.Net\LegacySettingsService.cs:121 - Calling CtxSettings.GetBoolean with category=App protection, key=enableAntiScreenCaptureForAuthAndSSP
2026-06-27 15:34:12 gacs     T100    :LogInfo:          [CwaWindowsCommon] [GetBoolSetting] C:\jenkins\workspace\CWA_cwawindowscommon_master\GacsClientService.Net\LegacySettingsService.cs:123 - CtxSettings.GetBoolean returned result=12, value=False
2026-06-27 15:34:12 gacs     T100    :LogInfo:          [CwaWindowsCommon] [GetBoolSetting] C:\jenkins\workspace\CWA_cwawindowscommon_master\GacsClientService.Net\LegacySettingsService.cs:121 - Calling CtxSettings.GetBoolean with category=App protection, key=enableAntiKeyLoggingForAuthAndSSP
2026-06-27 15:34:12 gacs     T100    :LogInfo:          [CwaWindowsCommon] [GetBoolSetting] C:\jenkins\workspace\CWA_cwawindowscommon_master\GacsClientService.Net\LegacySettingsService.cs:123 - CtxSettings.GetBoolean returned result=12, value=False
2026-06-27 15:34:12 gacs     T100    :LogInfo:          [CwaWindowsCommon] [GetBoolSetting] C:\jenkins\workspace\CWA_cwawindowscommon_master\GacsClientService.Net\LegacySettingsService.cs:121 - Calling CtxSettings.GetBoolean with category=Dazzle, key=StoreAuthenticationTokens
2026-06-27 15:34:12 gacs     T100    :LogInfo:          [CwaWindowsCommon] [GetBoolSetting] C:\jenkins\workspace\CWA_cwawindowscommon_master\GacsClientService.Net\LegacySettingsService.cs:123 - CtxSettings.GetBoolean returned result=12, value=False
2026-06-27 15:34:12 gacs     T100    :LogInfo:          [CwaWindowsCommon] [GetBoolSetting] C:\jenkins\workspace\CWA_cwawindowscommon_master\GacsClientService.Net\LegacySettingsService.cs:121 - Calling CtxSettings.GetBoolean with category=thirdPartyServices, key=sendDataToThirdParty
2026-06-27 15:34:12 gacs     T100    :LogInfo:          [CwaWindowsCommon] [GetBoolSetting] C:\jenkins\workspace\CWA_cwawindowscommon_master\GacsClientService.Net\LegacySettingsService.cs:123 - CtxSettings.GetBoolean returned result=12, value=False
2026-06-27 15:34:12 gacs     T100    :LogInfo:          [CwaWindowsCommon] [GetBoolSetting] C:\jenkins\workspace\CWA_cwawindowscommon_master\GacsClientService.Net\LegacySettingsService.cs:121 - Calling CtxSettings.GetBoolean with category=Dazzle, key=enableLocalAppDiscovery
2026-06-27 15:34:12 gacs     T100    :LogInfo:          [CwaWindowsCommon] [GetBoolSetting] C:\jenkins\workspace\CWA_cwawindowscommon_master\GacsClientService.Net\LegacySettingsService.cs:123 - CtxSettings.GetBoolean returned result=12, value=False
2026-06-27 15:34:12 gacs     T100    :LogInfo:          [CwaWindowsCommon] [GetBoolSetting] C:\jenkins\workspace\CWA_cwawindowscommon_master\GacsClientService.Net\LegacySettingsService.cs:121 - Calling CtxSettings.GetBoolean with category=Dazzle, key=enableUserManageLocalApps
2026-06-27 15:34:12 gacs     T100    :LogInfo:          [CwaWindowsCommon] [GetBoolSetting] C:\jenkins\workspace\CWA_cwawindowscommon_master\GacsClientService.Net\LegacySettingsService.cs:123 - CtxSettings.GetBoolean returned result=12, value=False
2026-06-27 15:34:12 gacs     T100    :LogInfo:          [CwaWindowsCommon] [GetBoolSetting] C:\jenkins\workspace\CWA_cwawindowscommon_master\GacsClientService.Net\LegacySettingsService.cs:121 - Calling CtxSettings.GetBoolean with category=Dazzle, key=signoutCustomWebstoreOnExit
2026-06-27 15:34:12 gacs     T100    :LogInfo:          [CwaWindowsCommon] [GetBoolSetting] C:\jenkins\workspace\CWA_cwawindowscommon_master\GacsClientService.Net\LegacySettingsService.cs:123 - CtxSettings.GetBoolean returned result=12, value=False
2026-06-27 15:34:12 gacs     T100    :LogInfo:          [CwaWindowsCommon] [GetBoolSetting] C:\jenkins\workspace\CWA_cwawindowscommon_master\GacsClientService.Net\LegacySettingsService.cs:121 - Calling CtxSettings.GetBoolean with category=Dazzle, key=maximiseWorkspaceWindow
2026-06-27 15:34:12 gacs     T100    :LogInfo:          [CwaWindowsCommon] [GetBoolSetting] C:\jenkins\workspace\CWA_cwawindowscommon_master\GacsClientService.Net\LegacySettingsService.cs:123 - CtxSettings.GetBoolean returned result=12, value=False
2026-06-27 15:34:12 gacs     T100    :LogInfo:          [CwaWindowsCommon] [GetBoolSetting] C:\jenkins\workspace\CWA_cwawindowscommon_master\GacsClientService.Net\LegacySettingsService.cs:121 - Calling CtxSettings.GetBoolean with category=Dazzle, key=refreshStartMenu
2026-06-27 15:34:12 gacs     T100    :LogInfo:          [CwaWindowsCommon] [GetBoolSetting] C:\jenkins\workspace\CWA_cwawindowscommon_master\GacsClientService.Net\LegacySettingsService.cs:123 - CtxSettings.GetBoolean returned result=12, value=False
2026-06-27 15:34:12 gacs     T100    :LogInfo:          [CwaWindowsCommon] [GetBoolSetting] C:\jenkins\workspace\CWA_cwawindowscommon_master\GacsClientService.Net\LegacySettingsService.cs:121 - Calling CtxSettings.GetBoolean with category=Dazzle, key=showDisabledShortcuts
2026-06-27 15:34:12 gacs     T100    :LogInfo:          [CwaWindowsCommon] [GetBoolSetting] C:\jenkins\workspace\CWA_cwawindowscommon_master\GacsClientService.Net\LegacySettingsService.cs:123 - CtxSettings.GetBoolean returned result=12, value=False
2026-06-27 15:34:12 gacs     T100    :LogInfo:          [CwaWindowsCommon] [GetBoolSetting] C:\jenkins\workspace\CWA_cwawindowscommon_master\GacsClientService.Net\LegacySettingsService.cs:121 - Calling CtxSettings.GetBoolean with category=Dazzle, key=enableSilentAuthForCloudStore
2026-06-27 15:34:12 gacs     T100    :LogInfo:          [CwaWindowsCommon] [GetBoolSetting] C:\jenkins\workspace\CWA_cwawindowscommon_master\GacsClientService.Net\LegacySettingsService.cs:123 - CtxSettings.GetBoolean returned result=12, value=False
2026-06-27 15:34:12 gacs     T100    :LogInfo:          [CwaWindowsCommon] [GetBoolSetting] C:\jenkins\workspace\CWA_cwawindowscommon_master\GacsClientService.Net\LegacySettingsService.cs:121 - Calling CtxSettings.GetBoolean with category=Dazzle, key=showSignInPageOnLogOff
2026-06-27 15:34:12 gacs     T100    :LogInfo:          [CwaWindowsCommon] [GetBoolSetting] C:\jenkins\workspace\CWA_cwawindowscommon_master\GacsClientService.Net\LegacySettingsService.cs:123 - CtxSettings.GetBoolean returned result=12, value=False
2026-06-27 15:34:12 gacs     T100    :LogInfo:          [CwaWindowsCommon] [GetBoolSetting] C:\jenkins\workspace\CWA_cwawindowscommon_master\GacsClientService.Net\LegacySettingsService.cs:121 - Calling CtxSettings.GetBoolean with category=AuthManager, key=allowSSOForEdgeWebview
2026-06-27 15:34:12 gacs     T100    :LogInfo:          [CwaWindowsCommon] [GetBoolSetting] C:\jenkins\workspace\CWA_cwawindowscommon_master\GacsClientService.Net\LegacySettingsService.cs:123 - CtxSettings.GetBoolean returned result=12, value=False
2026-06-27 15:34:12 gacs     T100    :LogInfo:          [CwaWindowsCommon] [GetBoolSetting] C:\jenkins\workspace\CWA_cwawindowscommon_master\GacsClientService.Net\LegacySettingsService.cs:121 - Calling CtxSettings.GetBoolean with category=ICA Client, key=Enabled
2026-06-27 15:34:12 gacs     T100    :LogInfo:          [CwaWindowsCommon] [GetBoolSetting] C:\jenkins\workspace\CWA_cwawindowscommon_master\GacsClientService.Net\LegacySettingsService.cs:123 - CtxSettings.GetBoolean returned result=12, value=False
==============================================
[GlobalClientSessionInfo] Calling exe/dll: SelfServicePlugin (26.3.10.18), CWA version: 26.3.10.69.

Starting uct:6/28/2026 1:34:56 AM local: 6/27/2026 9:34:56 PM
==============================================
Init CDF tracing for module: CwaWindowsCommon.
CDF module (CwaWindowsCommon): 8c9696fd-8abe-4161-80b1-0f47e8d869ed
AO Cdf module (CwaWindowsCommon_AOL): e305ae8e-34c3-4aff-8ab7-a46949d1296d
AOT listener module (CwaWindowsCommon_AOTListener): 60734282-c949-49c9-870a-1649d816dc93
CDF initialized successfully for module: CwaWindowsCommon.
---------------------------------------------------------------------------
2026-06-27 21:34:56 gacs     T100    :LogInfo:          [CwaWindowsCommon] [Init] C:\jenkins\workspace\cwawindowscommon_release-2603.10\GacsClientService.Net\GacsClientService.cs:175 - GacsClientService using: Legacy, initUserContext: True
2026-06-27 21:34:56 gacs     T100    :LogInfo:          [CwaWindowsCommon] [CreateSharedInstance] C:\jenkins\workspace\cwawindowscommon_release-2603.10\GacsClientService.Net\GacsClientService.cs:215 - Creating GacsClientService singleton.
2026-06-27 21:34:56 gacs     T100    :LogInfo:          [CwaWindowsCommon] [CreateSharedInstance] C:\jenkins\workspace\cwawindowscommon_release-2603.10\GacsClientService.Net\GacsClientService.cs:243 - Creating LegacySettingsService with sdkPath: C:\Program Files (x86)\Citrix\ICA Client\SelfServicePlugin\..\Receiver, initUserContext: True
2026-06-27 21:34:56 gacs     T100    :LogInfo:          [CwaWindowsCommon] [.ctor] C:\jenkins\workspace\cwawindowscommon_release-2603.10\GacsClientService.Net\LegacySettingsService.cs:29 - Initializing CtxSettingsInterface with settings order
2026-06-27 21:34:56 gacs     T100    :LogInfo:          [CwaWindowsCommon] [.ctor] C:\jenkins\workspace\cwawindowscommon_release-2603.10\GacsClientService.Net\GacsClientService.cs:402 - Legacy flow initialized.
2026-06-27 21:34:56 gacs     T100    :LogInfo:          [CwaWindowsCommon] [CreateSharedInstance] C:\jenkins\workspace\cwawindowscommon_release-2603.10\GacsClientService.Net\GacsClientService.cs:273 - GacsClientService singleton created successfully.
2026-06-27 21:34:56 gacs     T100    :LogInfo:          [CwaWindowsCommon] [Init] C:\jenkins\workspace\cwawindowscommon_release-2603.10\GacsClientService.Net\GacsClientService.cs:184 - GacsClientService::Init() completed.
2026-06-27 21:34:56 gacs     T100    :LogInfo:          [CwaWindowsCommon] [GetBoolSetting] C:\jenkins\workspace\cwawindowscommon_release-2603.10\GacsClientService.Net\LegacySettingsService.cs:121 - Calling CtxSettings.GetBoolean with category=thirdPartyServices, key=sendDataToThirdParty
2026-06-27 21:34:56 gacs     T100    :LogInfo:          [CwaWindowsCommon] [GetBoolSetting] C:\jenkins\workspace\cwawindowscommon_release-2603.10\GacsClientService.Net\LegacySettingsService.cs:123 - CtxSettings.GetBoolean returned result=12, value=False
2026-06-27 21:34:57 gacs     T100    :LogInfo:          [CwaWindowsCommon] [GetBoolSetting] C:\jenkins\workspace\cwawindowscommon_release-2603.10\GacsClientService.Net\LegacySettingsService.cs:121 - Calling CtxSettings.GetBoolean with category=Dazzle, key=publishSafeContent
2026-06-27 21:34:57 gacs     T100    :LogInfo:          [CwaWindowsCommon] [GetBoolSetting] C:\jenkins\workspace\cwawindowscommon_release-2603.10\GacsClientService.Net\LegacySettingsService.cs:123 - CtxSettings.GetBoolean returned result=12, value=False
2026-06-27 21:34:57 gacs     T100    :LogInfo:          [CwaWindowsCommon] [GetBoolSetting] C:\jenkins\workspace\cwawindowscommon_release-2603.10\GacsClientService.Net\LegacySettingsService.cs:121 - Calling CtxSettings.GetBoolean with category=Dazzle, key=publishUnsafeContent
2026-06-27 21:34:57 gacs     T100    :LogInfo:          [CwaWindowsCommon] [GetBoolSetting] C:\jenkins\workspace\cwawindowscommon_release-2603.10\GacsClientService.Net\LegacySettingsService.cs:123 - CtxSettings.GetBoolean returned result=12, value=False
2026-06-27 21:34:57 gacs     T100    :LogInfo:          [CwaWindowsCommon] [GetIntSetting] C:\jenkins\workspace\cwawindowscommon_release-2603.10\GacsClientService.Net\LegacySettingsService.cs:167 - Calling CtxSettings.GetNumeric with category=Dazzle, key=wscReconnectModeUser
2026-06-27 21:34:57 gacs     T100    :LogInfo:          [CwaWindowsCommon] [GetIntSetting] C:\jenkins\workspace\cwawindowscommon_release-2603.10\GacsClientService.Net\LegacySettingsService.cs:169 - CtxSettings.GetNumeric returned result=12, value=0
2026-06-27 21:34:57 gacs     T100    :LogInfo:          [CwaWindowsCommon] [GetBoolSetting] C:\jenkins\workspace\cwawindowscommon_release-2603.10\GacsClientService.Net\LegacySettingsService.cs:121 - Calling CtxSettings.GetBoolean with category=Dazzle, key=wscReconnectionPromptEnabled
2026-06-27 21:34:57 gacs     T100    :LogInfo:          [CwaWindowsCommon] [GetBoolSetting] C:\jenkins\workspace\cwawindowscommon_release-2603.10\GacsClientService.Net\LegacySettingsService.cs:123 - CtxSettings.GetBoolean returned result=12, value=False
2026-06-27 21:34:57 gacs     T100    :LogInfo:          [CwaWindowsCommon] [GetBoolSetting] C:\jenkins\workspace\cwawindowscommon_release-2603.10\GacsClientService.Net\LegacySettingsService.cs:121 - Calling CtxSettings.GetBoolean with category=Dazzle, key=removeAppsOnLogoff
2026-06-27 21:34:57 gacs     T100    :LogInfo:          [CwaWindowsCommon] [GetBoolSetting] C:\jenkins\workspace\cwawindowscommon_release-2603.10\GacsClientService.Net\LegacySettingsService.cs:123 - CtxSettings.GetBoolean returned result=12, value=False
2026-06-27 21:34:57 gacs     T100    :LogInfo:          [CwaWindowsCommon] [GetBoolSetting] C:\jenkins\workspace\cwawindowscommon_release-2603.10\GacsClientService.Net\LegacySettingsService.cs:121 - Calling CtxSettings.GetBoolean with category=Dazzle, key=clearAppListOnLogoff
2026-06-27 21:34:57 gacs     T100    :LogInfo:          [CwaWindowsCommon] [GetBoolSetting] C:\jenkins\workspace\cwawindowscommon_release-2603.10\GacsClientService.Net\LegacySettingsService.cs:123 - CtxSettings.GetBoolean returned result=12, value=False
2026-06-27 21:34:57 gacs     T100    :LogInfo:          [CwaWindowsCommon] [GetBoolSetting] C:\jenkins\workspace\cwawindowscommon_release-2603.10\GacsClientService.Net\LegacySettingsService.cs:121 - Calling CtxSettings.GetBoolean with category=Dazzle, key=suppressRefreshOnStartup
2026-06-27 21:34:57 gacs     T100    :LogInfo:          [CwaWindowsCommon] [GetBoolSetting] C:\jenkins\workspace\cwawindowscommon_release-2603.10\GacsClientService.Net\LegacySettingsService.cs:123 - CtxSettings.GetBoolean returned result=12, value=False
2026-06-27 21:34:57 gacs     T100    :LogInfo:          [CwaWindowsCommon] [GetBoolSetting] C:\jenkins\workspace\cwawindowscommon_release-2603.10\GacsClientService.Net\LegacySettingsService.cs:121 - Calling CtxSettings.GetBoolean with category=Dazzle, key=removeAppsOnExit
2026-06-27 21:34:57 gacs     T100    :LogInfo:          [CwaWindowsCommon] [GetBoolSetting] C:\jenkins\workspace\cwawindowscommon_release-2603.10\GacsClientService.Net\LegacySettingsService.cs:123 - CtxSettings.GetBoolean returned result=12, value=False
2026-06-27 21:34:57 gacs     T100    :LogInfo:          [CwaWindowsCommon] [GetBoolSetting] C:\jenkins\workspace\cwawindowscommon_release-2603.10\GacsClientService.Net\LegacySettingsService.cs:121 - Calling CtxSettings.GetBoolean with category=Dazzle, key=clearAppListOnExit
2026-06-27 21:34:57 gacs     T100    :LogInfo:          [CwaWindowsCommon] [GetBoolSetting] C:\jenkins\workspace\cwawindowscommon_release-2603.10\GacsClientService.Net\LegacySettingsService.cs:123 - CtxSettings.GetBoolean returned result=12, value=False
2026-06-27 21:34:57 gacs     T100    :LogInfo:          [CwaWindowsCommon] [GetBoolSetting] C:\jenkins\workspace\cwawindowscommon_release-2603.10\GacsClientService.Net\LegacySettingsService.cs:121 - Calling CtxSettings.GetBoolean with category=Dazzle, key=enablePreLaunch
2026-06-27 21:34:57 gacs     T100    :LogInfo:          [CwaWindowsCommon] [GetBoolSetting] C:\jenkins\workspace\cwawindowscommon_release-2603.10\GacsClientService.Net\LegacySettingsService.cs:123 - CtxSettings.GetBoolean returned result=12, value=False
2026-06-27 21:34:57 gacs     T100    :LogInfo:          [CwaWindowsCommon] [GetBoolSetting] C:\jenkins\workspace\cwawindowscommon_release-2603.10\GacsClientService.Net\LegacySettingsService.cs:121 - Calling CtxSettings.GetBoolean with category=Dazzle, key=enableFTA
2026-06-27 21:34:57 gacs     T100    :LogInfo:          [CwaWindowsCommon] [GetBoolSetting] C:\jenkins\workspace\cwawindowscommon_release-2603.10\GacsClientService.Net\LegacySettingsService.cs:123 - CtxSettings.GetBoolean returned result=12, value=False
2026-06-27 21:34:57 gacs     T100    :LogInfo:          [CwaWindowsCommon] [GetBoolSetting] C:\jenkins\workspace\cwawindowscommon_release-2603.10\GacsClientService.Net\LegacySettingsService.cs:121 - Calling CtxSettings.GetBoolean with category=Dazzle, key=enabledDefaultFTAs
2026-06-27 21:34:57 gacs     T100    :LogInfo:          [CwaWindowsCommon] [GetBoolSetting] C:\jenkins\workspace\cwawindowscommon_release-2603.10\GacsClientService.Net\LegacySettingsService.cs:123 - CtxSettings.GetBoolean returned result=12, value=False
2026-06-27 21:34:57 gacs     T100    :LogInfo:          [CwaWindowsCommon] [GetBoolSetting] C:\jenkins\workspace\cwawindowscommon_release-2603.10\GacsClientService.Net\LegacySettingsService.cs:121 - Calling CtxSettings.GetBoolean with category=Dazzle, key=selfServiceMode
2026-06-27 21:34:57 gacs     T100    :LogInfo:          [CwaWindowsCommon] [GetBoolSetting] C:\jenkins\workspace\cwawindowscommon_release-2603.10\GacsClientService.Net\LegacySettingsService.cs:123 - CtxSettings.GetBoolean returned result=12, value=False
2026-06-27 21:34:57 gacs     T100    :LogInfo:          [CwaWindowsCommon] [GetBoolSetting] C:\jenkins\workspace\cwawindowscommon_release-2603.10\GacsClientService.Net\LegacySettingsService.cs:121 - Calling CtxSettings.GetBoolean with category=Dazzle, key=fastConnectAPISupportEnabled
2026-06-27 21:34:57 gacs     T100    :LogInfo:          [CwaWindowsCommon] [GetBoolSetting] C:\jenkins\workspace\cwawindowscommon_release-2603.10\GacsClientService.Net\LegacySettingsService.cs:123 - CtxSettings.GetBoolean returned result=12, value=False
2026-06-27 21:34:57 gacs     T100    :LogInfo:          [CwaWindowsCommon] [GetBoolSetting] C:\jenkins\workspace\cwawindowscommon_release-2603.10\GacsClientService.Net\LegacySettingsService.cs:121 - Calling CtxSettings.GetBoolean with category=App protection, key=enableAntiScreenCaptureForAuthAndSSP
2026-06-27 21:34:57 gacs     T100    :LogInfo:          [CwaWindowsCommon] [GetBoolSetting] C:\jenkins\workspace\cwawindowscommon_release-2603.10\GacsClientService.Net\LegacySettingsService.cs:123 - CtxSettings.GetBoolean returned result=12, value=False
2026-06-27 21:34:57 gacs     T100    :LogInfo:          [CwaWindowsCommon] [GetBoolSetting] C:\jenkins\workspace\cwawindowscommon_release-2603.10\GacsClientService.Net\LegacySettingsService.cs:121 - Calling CtxSettings.GetBoolean with category=App protection, key=enableAntiKeyLoggingForAuthAndSSP
2026-06-27 21:34:57 gacs     T100    :LogInfo:          [CwaWindowsCommon] [GetBoolSetting] C:\jenkins\workspace\cwawindowscommon_release-2603.10\GacsClientService.Net\LegacySettingsService.cs:123 - CtxSettings.GetBoolean returned result=12, value=False
2026-06-27 21:34:57 gacs     T100    :LogInfo:          [CwaWindowsCommon] [GetBoolSetting] C:\jenkins\workspace\cwawindowscommon_release-2603.10\GacsClientService.Net\LegacySettingsService.cs:121 - Calling CtxSettings.GetBoolean with category=Dazzle, key=StoreAuthenticationTokens
2026-06-27 21:34:57 gacs     T100    :LogInfo:          [CwaWindowsCommon] [GetBoolSetting] C:\jenkins\workspace\cwawindowscommon_release-2603.10\GacsClientService.Net\LegacySettingsService.cs:123 - CtxSettings.GetBoolean returned result=12, value=False
2026-06-27 21:34:57 gacs     T100    :LogInfo:          [CwaWindowsCommon] [GetBoolSetting] C:\jenkins\workspace\cwawindowscommon_release-2603.10\GacsClientService.Net\LegacySettingsService.cs:121 - Calling CtxSettings.GetBoolean with category=thirdPartyServices, key=sendDataToThirdParty
2026-06-27 21:34:57 gacs     T100    :LogInfo:          [CwaWindowsCommon] [GetBoolSetting] C:\jenkins\workspace\cwawindowscommon_release-2603.10\GacsClientService.Net\LegacySettingsService.cs:123 - CtxSettings.GetBoolean returned result=12, value=False
2026-06-27 21:34:58 gacs     T100    :LogInfo:          [CwaWindowsCommon] [GetBoolSetting] C:\jenkins\workspace\cwawindowscommon_release-2603.10\GacsClientService.Net\LegacySettingsService.cs:121 - Calling CtxSettings.GetBoolean with category=Dazzle, key=enableLocalAppDiscovery
2026-06-27 21:34:58 gacs     T100    :LogInfo:          [CwaWindowsCommon] [GetBoolSetting] C:\jenkins\workspace\cwawindowscommon_release-2603.10\GacsClientService.Net\LegacySettingsService.cs:123 - CtxSettings.GetBoolean returned result=12, value=False
2026-06-27 21:34:58 gacs     T100    :LogInfo:          [CwaWindowsCommon] [GetBoolSetting] C:\jenkins\workspace\cwawindowscommon_release-2603.10\GacsClientService.Net\LegacySettingsService.cs:121 - Calling CtxSettings.GetBoolean with category=Dazzle, key=enableUserManageLocalApps
2026-06-27 21:34:58 gacs     T100    :LogInfo:          [CwaWindowsCommon] [GetBoolSetting] C:\jenkins\workspace\cwawindowscommon_release-2603.10\GacsClientService.Net\LegacySettingsService.cs:123 - CtxSettings.GetBoolean returned result=12, value=False
2026-06-27 21:34:58 gacs     T100    :LogInfo:          [CwaWindowsCommon] [GetBoolSetting] C:\jenkins\workspace\cwawindowscommon_release-2603.10\GacsClientService.Net\LegacySettingsService.cs:121 - Calling CtxSettings.GetBoolean with category=Dazzle, key=signoutCustomWebstoreOnExit
2026-06-27 21:34:58 gacs     T100    :LogInfo:          [CwaWindowsCommon] [GetBoolSetting] C:\jenkins\workspace\cwawindowscommon_release-2603.10\GacsClientService.Net\LegacySettingsService.cs:123 - CtxSettings.GetBoolean returned result=12, value=False
2026-06-27 21:34:58 gacs     T100    :LogInfo:          [CwaWindowsCommon] [GetBoolSetting] C:\jenkins\workspace\cwawindowscommon_release-2603.10\GacsClientService.Net\LegacySettingsService.cs:121 - Calling CtxSettings.GetBoolean with category=Dazzle, key=maximiseWorkspaceWindow
2026-06-27 21:34:58 gacs     T100    :LogInfo:          [CwaWindowsCommon] [GetBoolSetting] C:\jenkins\workspace\cwawindowscommon_release-2603.10\GacsClientService.Net\LegacySettingsService.cs:123 - CtxSettings.GetBoolean returned result=12, value=False
2026-06-27 21:34:58 gacs     T100    :LogInfo:          [CwaWindowsCommon] [GetBoolSetting] C:\jenkins\workspace\cwawindowscommon_release-2603.10\GacsClientService.Net\LegacySettingsService.cs:121 - Calling CtxSettings.GetBoolean with category=Dazzle, key=refreshStartMenu
2026-06-27 21:34:58 gacs     T100    :LogInfo:          [CwaWindowsCommon] [GetBoolSetting] C:\jenkins\workspace\cwawindowscommon_release-2603.10\GacsClientService.Net\LegacySettingsService.cs:123 - CtxSettings.GetBoolean returned result=12, value=False
2026-06-27 21:34:58 gacs     T100    :LogInfo:          [CwaWindowsCommon] [GetBoolSetting] C:\jenkins\workspace\cwawindowscommon_release-2603.10\GacsClientService.Net\LegacySettingsService.cs:121 - Calling CtxSettings.GetBoolean with category=Dazzle, key=showDisabledShortcuts
2026-06-27 21:34:58 gacs     T100    :LogInfo:          [CwaWindowsCommon] [GetBoolSetting] C:\jenkins\workspace\cwawindowscommon_release-2603.10\GacsClientService.Net\LegacySettingsService.cs:123 - CtxSettings.GetBoolean returned result=12, value=False
2026-06-27 21:34:58 gacs     T100    :LogInfo:          [CwaWindowsCommon] [GetBoolSetting] C:\jenkins\workspace\cwawindowscommon_release-2603.10\GacsClientService.Net\LegacySettingsService.cs:121 - Calling CtxSettings.GetBoolean with category=Dazzle, key=enableSilentAuthForCloudStore
2026-06-27 21:34:58 gacs     T100    :LogInfo:          [CwaWindowsCommon] [GetBoolSetting] C:\jenkins\workspace\cwawindowscommon_release-2603.10\GacsClientService.Net\LegacySettingsService.cs:123 - CtxSettings.GetBoolean returned result=12, value=False
2026-06-27 21:34:58 gacs     T100    :LogInfo:          [CwaWindowsCommon] [GetBoolSetting] C:\jenkins\workspace\cwawindowscommon_release-2603.10\GacsClientService.Net\LegacySettingsService.cs:121 - Calling CtxSettings.GetBoolean with category=Dazzle, key=showSignInPageOnLogOff
2026-06-27 21:34:58 gacs     T100    :LogInfo:          [CwaWindowsCommon] [GetBoolSetting] C:\jenkins\workspace\cwawindowscommon_release-2603.10\GacsClientService.Net\LegacySettingsService.cs:123 - CtxSettings.GetBoolean returned result=12, value=False
2026-06-27 21:34:58 gacs     T100    :LogInfo:          [CwaWindowsCommon] [GetBoolSetting] C:\jenkins\workspace\cwawindowscommon_release-2603.10\GacsClientService.Net\LegacySettingsService.cs:121 - Calling CtxSettings.GetBoolean with category=AuthManager, key=allowSSOForEdgeWebview
2026-06-27 21:34:58 gacs     T100    :LogInfo:          [CwaWindowsCommon] [GetBoolSetting] C:\jenkins\workspace\cwawindowscommon_release-2603.10\GacsClientService.Net\LegacySettingsService.cs:123 - CtxSettings.GetBoolean returned result=12, value=False
2026-06-27 21:34:58 gacs     T100    :LogInfo:          [CwaWindowsCommon] [GetBoolSetting] C:\jenkins\workspace\cwawindowscommon_release-2603.10\GacsClientService.Net\LegacySettingsService.cs:121 - Calling CtxSettings.GetBoolean with category=ICA Client, key=Enabled
2026-06-27 21:34:58 gacs     T100    :LogInfo:          [CwaWindowsCommon] [GetBoolSetting] C:\jenkins\workspace\cwawindowscommon_release-2603.10\GacsClientService.Net\LegacySettingsService.cs:123 - CtxSettings.GetBoolean returned result=12, value=False
